<?xml version="1.0" encoding="UTF-8"?>
<testng-results ignored="0" total="1" passed="1" failed="0" skipped="0">
  <reporter-output>
  </reporter-output>
  <suite started-at="2021-01-16T14:02:01Z" name="W3School Test Script" finished-at="2021-01-16T14:02:14Z" duration-ms="12654">
    <groups>
    </groups>
    <test started-at="2021-01-16T14:02:01Z" name="W3School Home" finished-at="2021-01-16T14:02:14Z" duration-ms="12654">
      <class name="testTableData.TestWebTableData">
        <test-method is-config="true" signature="setUp(java.lang.String)[pri:0, instance:testTableData.TestWebTableData@43d7741f]" started-at="2021-01-16T14:02:01Z" name="setUp" finished-at="2021-01-16T14:02:10Z" duration-ms="8399" status="PASS">
          <params>
            <param index="0">
              <value>
                <![CDATA[https://www.w3schools.com/sql/sql_where.asp]]>
              </value>
            </param>
          </params>
          <reporter-output>
          </reporter-output>
        </test-method> <!-- setUp -->
        <test-method signature="readWebText()[pri:0, instance:testTableData.TestWebTableData@43d7741f]" started-at="2021-01-16T14:02:10Z" name="readWebText" finished-at="2021-01-16T14:02:14Z" duration-ms="4077" status="PASS">
          <reporter-output>
          </reporter-output>
        </test-method> <!-- readWebText -->
        <test-method is-config="true" signature="cleanUp()[pri:0, instance:testTableData.TestWebTableData@43d7741f]" started-at="2021-01-16T14:02:14Z" name="cleanUp" finished-at="2021-01-16T14:02:14Z" duration-ms="129" status="PASS">
          <reporter-output>
          </reporter-output>
        </test-method> <!-- cleanUp -->
      </class> <!-- testTableData.TestWebTableData -->
    </test> <!-- W3School Home -->
  </suite> <!-- W3School Test Script -->
</testng-results>
